<?xml version="1.0" encoding="UTF-8"?>
<!-- Generated by org.testng.reporters.JUnitXMLReporter -->
<testsuite hostname="saurin" name="Command line test" tests="3" failures="0" timestamp="10 Jun 2014 06:17:10 GMT" time="11.775" errors="0">
  <testcase name="getGamesAgainstAI" time="0.002" classname="ttt.model.dao.UserDaoTest"/>
  <testcase name="getSavedGame" time="0.001" classname="ttt.model.dao.UserDaoTest"/>
  <testcase name="getUserByUsername" time="0.707" classname="ttt.model.dao.UserDaoTest"/>
</testsuite> <!-- Command line test -->
